06-02 11:25 AM - Modules.Logger - Type: [INFO] - Msg: Se inicializo el Logger!
06-02 11:25 AM - Modules.Logger - Type: [INFO] - Msg: Se inicio Chrome con el Puerto de depuracion correctamente!
06-02 11:25 AM - Modules.Logger - Type: [INFO] - Msg: Se conecto al WebSocket de CDP: http://localhost:9222/
06-02 11:25 AM - Modules.Logger - Type: [INFO] - Msg: No se encontro ninguan pesta帽a de YouTube
06-02 12:02 PM - Modules.Logger - Type: [INFO] - Msg: Se inicializo el Logger!
06-02 12:02 PM - Modules.Logger - Type: [INFO] - Msg: Se inicio Chrome con el Puerto de depuracion correctamente!
06-02 12:02 PM - Modules.Logger - Type: [INFO] - Msg: Se conecto al WebSocket de CDP: http://localhost:9222/
06-02 12:03 PM - Modules.Logger - Type: [INFO] - Msg: Se inicializo el Logger!
06-02 12:03 PM - Modules.Logger - Type: [INFO] - Msg: Se inicio Chrome con el Puerto de depuracion correctamente!
06-02 12:03 PM - Modules.Logger - Type: [INFO] - Msg: Se conecto al WebSocket de CDP: http://localhost:9222/
06-02 12:06 PM - Modules.Logger - Type: [INFO] - Msg: Se inicializo el Logger!
06-02 12:06 PM - Modules.Logger - Type: [INFO] - Msg: Se inicio Chrome con el Puerto de depuracion correctamente!
06-02 12:06 PM - Modules.Logger - Type: [INFO] - Msg: Se conecto al WebSocket de CDP: http://localhost:9222/
06-02 12:08 PM - Modules.Logger - Type: [INFO] - Msg: Se inicializo el Logger!
06-02 12:08 PM - Modules.Logger - Type: [INFO] - Msg: Se inicio Chrome con el Puerto de depuracion correctamente!
06-02 12:08 PM - Modules.Logger - Type: [INFO] - Msg: Se conecto al WebSocket de CDP: http://localhost:9222/
06-02 12:11 PM - Modules.Logger - Type: [INFO] - Msg: No se encontro ninguna pesta帽a de YouTube, Cerrando Programa.
06-02 12:11 PM - Modules.Logger - Type: [INFO] - Msg: Se termino la ejecucion!
06-02 12:12 PM - Modules.Logger - Type: [INFO] - Msg: Se inicializo el Logger!
06-02 12:12 PM - Modules.Logger - Type: [INFO] - Msg: Se inicio Chrome con el Puerto de depuracion correctamente!
06-02 12:12 PM - Modules.Logger - Type: [INFO] - Msg: Se conecto al WebSocket de CDP: http://localhost:9222/
06-02 12:14 PM - Modules.Logger - Type: [INFO] - Msg: No se encontro ninguna pesta帽a de YouTube, Cerrando Programa.
06-02 12:14 PM - Modules.Logger - Type: [INFO] - Msg: Se termino la ejecucion!
06-02 12:18 PM - Modules.Logger - Type: [INFO] - Msg: Se inicializo el Logger!
06-02 12:18 PM - Modules.Logger - Type: [INFO] - Msg: Se inicio Chrome con el Puerto de depuracion correctamente!
06-02 12:18 PM - Modules.Logger - Type: [INFO] - Msg: Se conecto al WebSocket de CDP: http://localhost:9222/
06-02 12:19 PM - Modules.Logger - Type: [INFO] - Msg: Se inicializo el Logger!
06-02 12:19 PM - Modules.Logger - Type: [INFO] - Msg: Se inicio Chrome con el Puerto de depuracion correctamente!
06-02 12:19 PM - Modules.Logger - Type: [INFO] - Msg: Se conecto al WebSocket de CDP: http://localhost:9222/
06-02 12:22 PM - Modules.Logger - Type: [INFO] - Msg: No se encontro ninguna pesta帽a de YouTube, Cerrando Programa.
06-02 12:22 PM - Modules.Logger - Type: [INFO] - Msg: Se termino la ejecucion!
06-02 12:30 PM - Modules.Logger - Type: [INFO] - Msg: Se inicializo el Logger!
06-02 12:30 PM - Modules.Logger - Type: [INFO] - Msg: Se inicio Chrome con el Puerto de depuracion correctamente!
06-02 12:30 PM - Modules.Logger - Type: [INFO] - Msg: Se conecto al WebSocket de CDP: http://localhost:9222/
06-02 12:30 PM - Modules.Logger - Type: [ERROR] - Msg: 锔 Error al hacer clic:
Traceback (most recent call last):
  File "c:\Users\sebax\Desktop\Universidad\Proyectos_aleatorios\Extension_Skip_Ad_Chrome\Py\Modules\Skip_injection.py", line 64, in BuscarBoton
    button = page.query_selector("button.ytp-skip-ad-button")
             ^^^^^^^^^^^^^^^^^^^^^^^^^^^^^^^^^^^^^^^^^^^^^^^^
  File "C:\Users\sebax\Desktop\Universidad\Proyectos_aleatorios\Extension_Skip_Ad_Chrome\Py\EnvVirtual\Lib\site-packages\playwright\sync_api\_generated.py", line 8096, in query_selector
    self._sync(self._impl_obj.query_selector(selector=selector, strict=strict))
  File "C:\Users\sebax\Desktop\Universidad\Proyectos_aleatorios\Extension_Skip_Ad_Chrome\Py\EnvVirtual\Lib\site-packages\playwright\_impl\_sync_base.py", line 115, in _sync
    return task.result()
           ^^^^^^^^^^^^^
  File "C:\Users\sebax\Desktop\Universidad\Proyectos_aleatorios\Extension_Skip_Ad_Chrome\Py\EnvVirtual\Lib\site-packages\playwright\_impl\_page.py", line 413, in query_selector
    return await self._main_frame.query_selector(selector, strict)
           ^^^^^^^^^^^^^^^^^^^^^^^^^^^^^^^^^^^^^^^^^^^^^^^^^^^^^^^
  File "C:\Users\sebax\Desktop\Universidad\Proyectos_aleatorios\Extension_Skip_Ad_Chrome\Py\EnvVirtual\Lib\site-packages\playwright\_impl\_frame.py", line 304, in query_selector
    await self._channel.send("querySelector", locals_to_params(locals()))
  File "C:\Users\sebax\Desktop\Universidad\Proyectos_aleatorios\Extension_Skip_Ad_Chrome\Py\EnvVirtual\Lib\site-packages\playwright\_impl\_connection.py", line 61, in send
    return await self._connection.wrap_api_call(
           ^^^^^^^^^^^^^^^^^^^^^^^^^^^^^^^^^^^^^
  File "C:\Users\sebax\Desktop\Universidad\Proyectos_aleatorios\Extension_Skip_Ad_Chrome\Py\EnvVirtual\Lib\site-packages\playwright\_impl\_connection.py", line 528, in wrap_api_call
    raise rewrite_error(error, f"{parsed_st['apiName']}: {error}") from None
playwright._impl._errors.Error: Page.query_selector: Execution context was destroyed, most likely because of a navigation
06-02 12:31 PM - Modules.Logger - Type: [INFO] - Msg: Se inicializo el Logger!
06-02 12:31 PM - Modules.Logger - Type: [INFO] - Msg: Se inicio Chrome con el Puerto de depuracion correctamente!
06-02 12:32 PM - Modules.Logger - Type: [INFO] - Msg: Se conecto al WebSocket de CDP: http://localhost:9222/
06-02 12:33 PM - Modules.Logger - Type: [INFO] - Msg:  Contexto o navegador cerrado.
Anuncios Saltados: 1
06-02 12:33 PM - Modules.Logger - Type: [INFO] - Msg: Se termino la ejecucion!
06-02 12:33 PM - Modules.Logger - Type: [INFO] - Msg: Se inicializo el Logger!
06-02 12:33 PM - Modules.Logger - Type: [INFO] - Msg: Se inicio Chrome con el Puerto de depuracion correctamente!
06-02 12:33 PM - Modules.Logger - Type: [INFO] - Msg: Se conecto al WebSocket de CDP: http://localhost:9222/
06-02 12:33 PM - Modules.Logger - Type: [ERROR] - Msg: 锔 Error al hacer clic:
Traceback (most recent call last):
  File "c:\Users\sebax\Desktop\Universidad\Proyectos_aleatorios\Extension_Skip_Ad_Chrome\Py\Modules\Skip_injection.py", line 64, in BuscarBoton
    button = page.query_selector("button.ytp-skip-ad-button")
             ^^^^^^^^^^^^^^^^^^^^^^^^^^^^^^^^^^^^^^^^^^^^^^^^
  File "C:\Users\sebax\Desktop\Universidad\Proyectos_aleatorios\Extension_Skip_Ad_Chrome\Py\EnvVirtual\Lib\site-packages\playwright\sync_api\_generated.py", line 8096, in query_selector
    self._sync(self._impl_obj.query_selector(selector=selector, strict=strict))
  File "C:\Users\sebax\Desktop\Universidad\Proyectos_aleatorios\Extension_Skip_Ad_Chrome\Py\EnvVirtual\Lib\site-packages\playwright\_impl\_sync_base.py", line 115, in _sync
    return task.result()
           ^^^^^^^^^^^^^
  File "C:\Users\sebax\Desktop\Universidad\Proyectos_aleatorios\Extension_Skip_Ad_Chrome\Py\EnvVirtual\Lib\site-packages\playwright\_impl\_page.py", line 413, in query_selector
    return await self._main_frame.query_selector(selector, strict)
           ^^^^^^^^^^^^^^^^^^^^^^^^^^^^^^^^^^^^^^^^^^^^^^^^^^^^^^^
  File "C:\Users\sebax\Desktop\Universidad\Proyectos_aleatorios\Extension_Skip_Ad_Chrome\Py\EnvVirtual\Lib\site-packages\playwright\_impl\_frame.py", line 304, in query_selector
    await self._channel.send("querySelector", locals_to_params(locals()))
  File "C:\Users\sebax\Desktop\Universidad\Proyectos_aleatorios\Extension_Skip_Ad_Chrome\Py\EnvVirtual\Lib\site-packages\playwright\_impl\_connection.py", line 61, in send
    return await self._connection.wrap_api_call(
           ^^^^^^^^^^^^^^^^^^^^^^^^^^^^^^^^^^^^^
  File "C:\Users\sebax\Desktop\Universidad\Proyectos_aleatorios\Extension_Skip_Ad_Chrome\Py\EnvVirtual\Lib\site-packages\playwright\_impl\_connection.py", line 528, in wrap_api_call
    raise rewrite_error(error, f"{parsed_st['apiName']}: {error}") from None
playwright._impl._errors.Error: Page.query_selector: Execution context was destroyed, most likely because of a navigation
06-02 12:54 PM - Modules.Logger - Type: [INFO] - Msg:  Contexto o navegador cerrado.
Anuncios Saltados: 4
06-02 12:54 PM - Modules.Logger - Type: [INFO] - Msg: Se termino la ejecucion!
06-02 01:23 PM - Modules.Logger - Type: [INFO] - Msg: Se inicializo el Logger!
06-02 01:23 PM - Modules.Logger - Type: [INFO] - Msg: Se inicio Chrome con el Puerto de depuracion correctamente!
06-02 01:23 PM - Modules.Logger - Type: [INFO] - Msg: Se conecto al WebSocket de CDP: http://localhost:9222/
06-02 01:23 PM - Modules.Logger - Type: [WARNING] - Msg: 锔 El contexto de ejecuci贸n fue destruido. La p谩gina probablemente cambi贸 o recarg贸. Reintentando en breve...
06-02 01:23 PM - Modules.Logger - Type: [INFO] - Msg:  Contexto o navegador cerrado.
Anuncios Saltados: 0
06-02 01:23 PM - Modules.Logger - Type: [INFO] - Msg: Se termino la ejecucion!
06-02 03:50 PM - Modules.Logger - Type: [INFO] - Msg: Se inicializo el Logger!
06-02 03:50 PM - Modules.Logger - Type: [INFO] - Msg: Se inicio Chrome con el Puerto de depuracion correctamente!
06-02 03:50 PM - Modules.Logger - Type: [INFO] - Msg: Se conecto al WebSocket de CDP: http://localhost:9222/
06-02 03:50 PM - Modules.Logger - Type: [WARNING] - Msg: 锔 El contexto de ejecuci贸n fue destruido. La p谩gina probablemente cambi贸 o recarg贸. Reintentando en breve...
06-02 03:52 PM - Modules.Logger - Type: [INFO] - Msg:  Contexto o navegador cerrado.
Anuncios Saltados: 0
06-02 03:52 PM - Modules.Logger - Type: [INFO] - Msg: Se termino la ejecucion!
06-02 04:19 PM - Modules.Logger - Type: [INFO] - Msg: Se inicializo el Logger!
06-02 04:19 PM - Modules.Logger - Type: [INFO] - Msg: Se inicio Chrome con el Puerto de depuracion correctamente!
06-02 04:19 PM - Modules.Logger - Type: [INFO] - Msg: Se conecto al WebSocket de CDP: http://localhost:9222/
06-02 04:19 PM - Modules.Logger - Type: [WARNING] - Msg: 锔 El contexto de ejecuci贸n fue destruido. La p谩gina probablemente cambi贸 o recarg贸. Reintentando en breve...
06-03 12:05 AM - Modules.Logger - Type: [INFO] - Msg:  Contexto o navegador cerrado.
Anuncios Saltados: 33
06-03 12:05 AM - Modules.Logger - Type: [INFO] - Msg: Se termino la ejecucion!
06-03 09:52 AM - Modules.Logger - Type: [INFO] - Msg: Se inicializo el Logger!
06-03 09:52 AM - Modules.Logger - Type: [INFO] - Msg: Se inicio Chrome con el Puerto de depuracion correctamente!
06-03 09:52 AM - Modules.Logger - Type: [INFO] - Msg: Se conecto al WebSocket de CDP: http://localhost:9222/
06-03 09:55 AM - Modules.Logger - Type: [INFO] - Msg: Se inicializo el Logger!
06-03 09:55 AM - Modules.Logger - Type: [INFO] - Msg: Se conecto al WebSocket de CDP: http://localhost:9222/
06-03 09:56 AM - Modules.Logger - Type: [WARNING] - Msg: 锔 El contexto de ejecuci贸n fue destruido. La p谩gina probablemente cambi贸 o recarg贸. Reintentando en breve...
06-03 11:04 AM - Modules.Logger - Type: [INFO] - Msg: Se inicializo el Logger!
06-03 11:04 AM - Modules.Logger - Type: [ERROR] - Msg: No se pudo iniciar Chrome Cerrando el Programa!: 
Traceback (most recent call last):
  File "C:\Users\sebax\Desktop\Universidad\Proyectos_aleatorios\Extension_Skip_Ad_Chrome\Py\main.py", line 9, in run_chrome
    subprocess.Popen([CHROME_PATH,*CHROME_ARGS])
  File "C:\Users\sebax\AppData\Local\Programs\Python\Python312\Lib\subprocess.py", line 1026, in __init__
    self._execute_child(args, executable, preexec_fn, close_fds,
  File "C:\Users\sebax\AppData\Local\Programs\Python\Python312\Lib\subprocess.py", line 1538, in _execute_child
    hp, ht, pid, tid = _winapi.CreateProcess(executable, args,
                       ^^^^^^^^^^^^^^^^^^^^^^^^^^^^^^^^^^^^^^^
FileNotFoundError: [WinError 2] El sistema no puede encontrar el archivo especificado
06-03 11:11 AM - Modules.Logger - Type: [INFO] - Msg: Se inicializo el Logger!
06-03 11:11 AM - Modules.Logger - Type: [ERROR] - Msg: No se pudo iniciar Chrome Cerrando el Programa!: 
Traceback (most recent call last):
  File "C:\Users\sebax\Desktop\Universidad\Proyectos_aleatorios\Extension_Skip_Ad_Chrome\Py\main.py", line 9, in run_chrome
    subprocess.Popen([CHROME_PATH,*CHROME_ARGS])
  File "C:\Users\sebax\AppData\Local\Programs\Python\Python312\Lib\subprocess.py", line 1026, in __init__
    self._execute_child(args, executable, preexec_fn, close_fds,
  File "C:\Users\sebax\AppData\Local\Programs\Python\Python312\Lib\subprocess.py", line 1538, in _execute_child
    hp, ht, pid, tid = _winapi.CreateProcess(executable, args,
                       ^^^^^^^^^^^^^^^^^^^^^^^^^^^^^^^^^^^^^^^
FileNotFoundError: [WinError 2] El sistema no puede encontrar el archivo especificado
